{
  "stats": {
    "suites": 12,
    "tests": 41,
    "passes": 25,
    "pending": 0,
    "failures": 16,
    "start": "2022-03-22T01:24:35.301Z",
    "end": "2022-03-22T01:25:55.335Z",
    "duration": 80034,
    "testsRegistered": 41,
    "passPercent": 60.97560975609756,
    "pendingPercent": 0,
    "other": 0,
    "hasOther": false,
    "skipped": 0,
    "hasSkipped": false
  },
  "results": [
    {
      "uuid": "a0fa48e2-b1e3-4223-b101-66184d2fb5e1",
      "title": "",
      "fullFile": "cypress/integration/project.spec.js",
      "file": "cypress/integration/project.spec.js",
      "beforeHooks": [],
      "afterHooks": [],
      "tests": [],
      "suites": [
        {
          "uuid": "4a7ca8b6-d91a-44b2-be08-67ae545bc342",
          "title": "1 - Adicione à página o título \"Paleta de Cores\".",
          "fullFile": "",
          "file": "",
          "beforeHooks": [],
          "afterHooks": [],
          "tests": [
            {
              "title": "Verifica se contém um elemento `h1` com o id `title` com o título correto",
              "fullTitle": "1 - Adicione à página o título \"Paleta de Cores\". Verifica se contém um elemento `h1` com o id `title` com o título correto",
              "timedOut": null,
              "duration": 160,
              "state": "passed",
              "speed": "slow",
              "pass": true,
              "fail": false,
              "pending": false,
              "context": null,
              "code": "cy.get('h1#title').should('contain.text', 'Paleta de Cores');",
              "err": {},
              "uuid": "e858daee-fd4f-49d5-82ed-7fb781870d4a",
              "parentUUID": "4a7ca8b6-d91a-44b2-be08-67ae545bc342",
              "isHook": false,
              "skipped": false
            }
          ],
          "suites": [],
          "passes": [
            "e858daee-fd4f-49d5-82ed-7fb781870d4a"
          ],
          "failures": [],
          "pending": [],
          "skipped": [],
          "duration": 160,
          "root": false,
          "rootEmpty": false,
          "_timeout": 2000
        },
        {
          "uuid": "de1f370b-053a-497a-a39b-7bc8389cc334",
          "title": "2 - Adicione à página uma paleta de quatro cores distintas.",
          "fullFile": "",
          "file": "",
          "beforeHooks": [],
          "afterHooks": [],
          "tests": [
            {
              "title": "A paleta de cores deve ser um elemento com `id` denominado `color-palette` e ter mais de 0px de altura e de largura.",
              "fullTitle": "2 - Adicione à página uma paleta de quatro cores distintas. A paleta de cores deve ser um elemento com `id` denominado `color-palette` e ter mais de 0px de altura e de largura.",
              "timedOut": null,
              "duration": 94,
              "state": "passed",
              "speed": "slow",
              "pass": true,
              "fail": false,
              "pending": false,
              "context": null,
              "code": "cy.get('#color-palette').should('be.visible');\ncy.get('#color-palette').children('.color');",
              "err": {},
              "uuid": "b3f46d5b-cd91-4111-9f00-241269e44a31",
              "parentUUID": "de1f370b-053a-497a-a39b-7bc8389cc334",
              "isHook": false,
              "skipped": false
            },
            {
              "title": "Verifica se cada cor individual da paleta de cores possui a `classe` chamada `color`.",
              "fullTitle": "2 - Adicione à página uma paleta de quatro cores distintas. Verifica se cada cor individual da paleta de cores possui a `classe` chamada `color`.",
              "timedOut": null,
              "duration": 126,
              "state": "passed",
              "speed": "slow",
              "pass": true,
              "fail": false,
              "pending": false,
              "context": null,
              "code": "cy.get('.color').should('have.length', 4).then(function (colors) {\n  for (var i = 0; i < colors.length; i++) {\n    cy.wrap(colors[i]).should('be.visible');\n  }\n});",
              "err": {},
              "uuid": "cd57294e-d2bb-4c96-ad7a-0ffd17b311c9",
              "parentUUID": "de1f370b-053a-497a-a39b-7bc8389cc334",
              "isHook": false,
              "skipped": false
            },
            {
              "title": "Verifica se a cor de fundo de cada elemento da paleta é a cor que o elemento representa. **A única cor não permitida na paleta é a cor branca.**",
              "fullTitle": "2 - Adicione à página uma paleta de quatro cores distintas. Verifica se a cor de fundo de cada elemento da paleta é a cor que o elemento representa. **A única cor não permitida na paleta é a cor branca.**",
              "timedOut": null,
              "duration": 109,
              "state": "passed",
              "speed": "slow",
              "pass": true,
              "fail": false,
              "pending": false,
              "context": null,
              "code": "cy.get('.color').each(function (color) {\n  cy.wrap(color).should('have.class', 'color').and('not.have.css', 'background-color', WHITE);\n  cy.wrap(color).should('have.css', 'background-color');\n});",
              "err": {},
              "uuid": "035935b7-ac0a-44ff-b039-55352d604d40",
              "parentUUID": "de1f370b-053a-497a-a39b-7bc8389cc334",
              "isHook": false,
              "skipped": false
            },
            {
              "title": "Verifica se cada elemento da paleta de cores tem uma borda preta, sólida e com 1 pixel de largura;",
              "fullTitle": "2 - Adicione à página uma paleta de quatro cores distintas. Verifica se cada elemento da paleta de cores tem uma borda preta, sólida e com 1 pixel de largura;",
              "timedOut": null,
              "duration": 145,
              "state": "passed",
              "speed": "slow",
              "pass": true,
              "fail": false,
              "pending": false,
              "context": null,
              "code": "cy.get('.color').each(function (color) {\n  cy.wrap(color).and('have.css', 'border', \"1px solid \".concat(BLACK)).and('have.class', 'color');\n});",
              "err": {},
              "uuid": "a3f1b1b1-187c-4c1f-88dd-bdcdb5a7a0a8",
              "parentUUID": "de1f370b-053a-497a-a39b-7bc8389cc334",
              "isHook": false,
              "skipped": false
            },
            {
              "title": "Verifica se a paleta lista todas as cores disponíveis para utilização, lado a lado.",
              "fullTitle": "2 - Adicione à página uma paleta de quatro cores distintas. Verifica se a paleta lista todas as cores disponíveis para utilização, lado a lado.",
              "timedOut": null,
              "duration": 118,
              "state": "passed",
              "speed": "slow",
              "pass": true,
              "fail": false,
              "pending": false,
              "context": null,
              "code": "cy.get('.color').then(function (colors) {\n  for (var index = 1; index < colors.length; index += 1) {\n    var currentColor = colors[index];\n    var previousColor = colors[index - 1];\n    cy.wrap(currentColor).should('be.onTheRightOf', previousColor).and('be.horizontallyAlignedWith', previousColor);\n  }\n});",
              "err": {},
              "uuid": "e02a847b-69c0-41c5-be59-68e80d491997",
              "parentUUID": "de1f370b-053a-497a-a39b-7bc8389cc334",
              "isHook": false,
              "skipped": false
            },
            {
              "title": "Verifica se a paleta de cores está posicionada abaixo do título 'Paleta de Cores'",
              "fullTitle": "2 - Adicione à página uma paleta de quatro cores distintas. Verifica se a paleta de cores está posicionada abaixo do título 'Paleta de Cores'",
              "timedOut": null,
              "duration": 127,
              "state": "passed",
              "speed": "slow",
              "pass": true,
              "fail": false,
              "pending": false,
              "context": null,
              "code": "cy.get('h1#title').then(function (title) {\n  cy.get('#color-palette').should('be.belowOf', title);\n});",
              "err": {},
              "uuid": "dc800d54-3533-43f4-9f28-5da52049d7df",
              "parentUUID": "de1f370b-053a-497a-a39b-7bc8389cc334",
              "isHook": false,
              "skipped": false
            },
            {
              "title": "Verifica se a paleta de cores não contém cores repetidas.",
              "fullTitle": "2 - Adicione à página uma paleta de quatro cores distintas. Verifica se a paleta de cores não contém cores repetidas.",
              "timedOut": null,
              "duration": 80,
              "state": "passed",
              "speed": "slow",
              "pass": true,
              "fail": false,
              "pending": false,
              "context": null,
              "code": "cy.get('.color').then(function (colors) {\n  var allColors = Array.from(colors).map(function (color) {\n    return Cypress.$(color).css('background-color');\n  });\n  cy.log(allColors);\n  var uniqColors = (0, _toConsumableArray2[\"default\"])(new Set(allColors));\n  cy.log(uniqColors);\n  expect(allColors.length).to.eq(uniqColors.length);\n});",
              "err": {},
              "uuid": "00389aa1-e363-4451-9b4a-ba2f79127e36",
              "parentUUID": "de1f370b-053a-497a-a39b-7bc8389cc334",
              "isHook": false,
              "skipped": false
            }
          ],
          "suites": [],
          "passes": [
            "b3f46d5b-cd91-4111-9f00-241269e44a31",
            "cd57294e-d2bb-4c96-ad7a-0ffd17b311c9",
            "035935b7-ac0a-44ff-b039-55352d604d40",
            "a3f1b1b1-187c-4c1f-88dd-bdcdb5a7a0a8",
            "e02a847b-69c0-41c5-be59-68e80d491997",
            "dc800d54-3533-43f4-9f28-5da52049d7df",
            "00389aa1-e363-4451-9b4a-ba2f79127e36"
          ],
          "failures": [],
          "pending": [],
          "skipped": [],
          "duration": 799,
          "root": false,
          "rootEmpty": false,
          "_timeout": 2000
        },
        {
          "uuid": "5e239e50-6db2-4e2a-9c98-f42fec5ef315",
          "title": "3 - Adicione a cor **preta** como a primeira cor da paleta de cores.",
          "fullFile": "",
          "file": "",
          "beforeHooks": [],
          "afterHooks": [],
          "tests": [
            {
              "title": "Verifica se a primeira cor da paleta é preta",
              "fullTitle": "3 - Adicione a cor **preta** como a primeira cor da paleta de cores. Verifica se a primeira cor da paleta é preta",
              "timedOut": null,
              "duration": 88,
              "state": "passed",
              "speed": "slow",
              "pass": true,
              "fail": false,
              "pending": false,
              "context": null,
              "code": "cy.get('.color').first().should('have.css', 'background-color', BLACK);",
              "err": {},
              "uuid": "7a1ca5b1-f6c6-41a7-ae82-e4e3dd35d178",
              "parentUUID": "5e239e50-6db2-4e2a-9c98-f42fec5ef315",
              "isHook": false,
              "skipped": false
            },
            {
              "title": "Verifica se as demais cores podem ser escolhidas livremente.",
              "fullTitle": "3 - Adicione a cor **preta** como a primeira cor da paleta de cores. Verifica se as demais cores podem ser escolhidas livremente.",
              "timedOut": null,
              "duration": 165,
              "state": "passed",
              "speed": "slow",
              "pass": true,
              "fail": false,
              "pending": false,
              "context": null,
              "code": "cy.get('.color').eq(1).should('not.have.css', 'background-color', BLACK);\ncy.get('.color').eq(1).should('not.have.css', 'background-color', WHITE);\ncy.get('.color').eq(1).should('not.have.css', 'background-color', 'rgba(0, 0, 0, 0)');\ncy.get('.color').eq(1).should('have.css', 'background-color');\ncy.get('.color').eq(2).should('not.have.css', 'background-color', BLACK);\ncy.get('.color').eq(2).should('not.have.css', 'background-color', WHITE);\ncy.get('.color').eq(2).should('not.have.css', 'background-color', 'rgba(0, 0, 0, 0)');\ncy.get('.color').eq(2).should('have.css', 'background-color');\ncy.get('.color').eq(3).should('not.have.css', 'background-color', BLACK);\ncy.get('.color').eq(3).should('not.have.css', 'background-color', WHITE);\ncy.get('.color').eq(3).should('not.have.css', 'background-color', 'rgba(0, 0, 0, 0)');\ncy.get('.color').eq(3).should('have.css', 'background-color');",
              "err": {},
              "uuid": "ed81e9ba-359c-49f7-9ee9-e9fc4055a0f6",
              "parentUUID": "5e239e50-6db2-4e2a-9c98-f42fec5ef315",
              "isHook": false,
              "skipped": false
            }
          ],
          "suites": [],
          "passes": [
            "7a1ca5b1-f6c6-41a7-ae82-e4e3dd35d178",
            "ed81e9ba-359c-49f7-9ee9-e9fc4055a0f6"
          ],
          "failures": [],
          "pending": [],
          "skipped": [],
          "duration": 253,
          "root": false,
          "rootEmpty": false,
          "_timeout": 2000
        },
        {
          "uuid": "2a80d509-54a5-4200-903c-8d2ce7bd3b93",
          "title": "4 - Adicione à página um quadro de pixels, com 25 pixels.",
          "fullFile": "",
          "file": "",
          "beforeHooks": [],
          "afterHooks": [],
          "tests": [
            {
              "title": "Verifica se o quadro de pixels possui o `id` denominado `pixel-board`",
              "fullTitle": "4 - Adicione à página um quadro de pixels, com 25 pixels. Verifica se o quadro de pixels possui o `id` denominado `pixel-board`",
              "timedOut": null,
              "duration": 90,
              "state": "passed",
              "speed": "slow",
              "pass": true,
              "fail": false,
              "pending": false,
              "context": null,
              "code": "cy.get('#pixel-board').should('be.visible');",
              "err": {},
              "uuid": "56f97662-d27b-4aa4-a748-3f3cbd1a3eaa",
              "parentUUID": "2a80d509-54a5-4200-903c-8d2ce7bd3b93",
              "isHook": false,
              "skipped": false
            },
            {
              "title": "Verifica se cada pixel individual dentro do quadro possui a `classe` denominada `pixel`.",
              "fullTitle": "4 - Adicione à página um quadro de pixels, com 25 pixels. Verifica se cada pixel individual dentro do quadro possui a `classe` denominada `pixel`.",
              "timedOut": null,
              "duration": 95,
              "state": "passed",
              "speed": "slow",
              "pass": true,
              "fail": false,
              "pending": false,
              "context": null,
              "code": "cy.get('.pixel').should('have.length', 25);",
              "err": {},
              "uuid": "6071e15e-9f0b-40c4-9107-97d78958539f",
              "parentUUID": "2a80d509-54a5-4200-903c-8d2ce7bd3b93",
              "isHook": false,
              "skipped": false
            },
            {
              "title": "Verifica se a cor inicial dos pixels dentro do quadro, ao abrir a página, é branca.",
              "fullTitle": "4 - Adicione à página um quadro de pixels, com 25 pixels. Verifica se a cor inicial dos pixels dentro do quadro, ao abrir a página, é branca.",
              "timedOut": null,
              "duration": 321,
              "state": "failed",
              "speed": null,
              "pass": false,
              "fail": true,
              "pending": false,
              "context": null,
              "code": "cy.get('.pixel').should('have.length', 25).each(function (pixel) {\n  expect(pixel).to.have.css('background-color', WHITE);\n});",
              "err": {
                "message": "AssertionError: expected '<div.pixel>' to have CSS property 'background-color' with the value 'rgb(255, 255, 255)', but the value was 'rgba(0, 0, 0, 0)'",
                "estack": "AssertionError: expected '<div.pixel>' to have CSS property 'background-color' with the value 'rgb(255, 255, 255)', but the value was 'rgba(0, 0, 0, 0)'\n    at callback (http://localhost:35001/__cypress/runner/cypress_runner.js:136947:20)\n    at getRet (http://localhost:35001/__cypress/runner/cypress_runner.js:136585:16)\n    at tryCatcher (http://localhost:35001/__cypress/runner/cypress_runner.js:167415:23)\n    at Function.Promise.attempt.Promise.try (http://localhost:35001/__cypress/runner/cypress_runner.js:164690:29)\n    at thenFn (http://localhost:35001/__cypress/runner/cypress_runner.js:136599:23)\n    at yieldItem (http://localhost:35001/__cypress/runner/cypress_runner.js:136954:16)\n    at tryCatcher (http://localhost:35001/__cypress/runner/cypress_runner.js:167415:23)\n    at Object.gotValue (http://localhost:35001/__cypress/runner/cypress_runner.js:166557:18)\n    at Object.gotAccum (http://localhost:35001/__cypress/runner/cypress_runner.js:166546:25)\n    at Object.tryCatcher (http://localhost:35001/__cypress/runner/cypress_runner.js:167415:23)\n    at Promise._settlePromiseFromHandler (http://localhost:35001/__cypress/runner/cypress_runner.js:165351:31)\n    at Promise._settlePromise (http://localhost:35001/__cypress/runner/cypress_runner.js:165408:18)\n    at Promise._settlePromiseCtx (http://localhost:35001/__cypress/runner/cypress_runner.js:165445:10)\n    at Async../node_modules/bluebird/js/release/async.js.Async._drainQueue (http://localhost:35001/__cypress/runner/cypress_runner.js:162145:12)\n    at Async../node_modules/bluebird/js/release/async.js.Async._drainQueues (http://localhost:35001/__cypress/runner/cypress_runner.js:162150:10)\n    at Async.drainQueues (http://localhost:35001/__cypress/runner/cypress_runner.js:162024:14)",
                "diff": "- 'rgba(0, 0, 0, 0)'\n+ 'rgb(255, 255, 255)'\n"
              },
              "uuid": "3bb7a695-0c79-441a-9d22-8e2e13907c4e",
              "parentUUID": "2a80d509-54a5-4200-903c-8d2ce7bd3b93",
              "isHook": false,
              "skipped": false
            },
            {
              "title": "Verifica se o quadro de pixels aparece abaixo da paleta de cores",
              "fullTitle": "4 - Adicione à página um quadro de pixels, com 25 pixels. Verifica se o quadro de pixels aparece abaixo da paleta de cores",
              "timedOut": null,
              "duration": 111,
              "state": "passed",
              "speed": "slow",
              "pass": true,
              "fail": false,
              "pending": false,
              "context": null,
              "code": "cy.get('#color-palette').then(function (palette) {\n  cy.get('#pixel-board').should('be.belowOf', palette);\n});",
              "err": {},
              "uuid": "adbca59f-3d68-4db6-9ff3-7db3de59c8d7",
              "parentUUID": "2a80d509-54a5-4200-903c-8d2ce7bd3b93",
              "isHook": false,
              "skipped": false
            }
          ],
          "suites": [],
          "passes": [
            "56f97662-d27b-4aa4-a748-3f3cbd1a3eaa",
            "6071e15e-9f0b-40c4-9107-97d78958539f",
            "adbca59f-3d68-4db6-9ff3-7db3de59c8d7"
          ],
          "failures": [
            "3bb7a695-0c79-441a-9d22-8e2e13907c4e"
          ],
          "pending": [],
          "skipped": [],
          "duration": 617,
          "root": false,
          "rootEmpty": false,
          "_timeout": 2000
        },
        {
          "uuid": "4ea79405-8f9c-4d9e-b1a7-af9b44da3378",
          "title": "5 - Faça com que cada elemento do quadro de pixels possua 40 pixels de largura, 40 pixels de altura e seja delimitado por uma borda preta de 1 pixel.",
          "fullFile": "",
          "file": "",
          "beforeHooks": [],
          "afterHooks": [],
          "tests": [
            {
              "title": "Verifica se o quadro de pixels tem altura e comprimento de 5 elementos",
              "fullTitle": "5 - Faça com que cada elemento do quadro de pixels possua 40 pixels de largura, 40 pixels de altura e seja delimitado por uma borda preta de 1 pixel. Verifica se o quadro de pixels tem altura e comprimento de 5 elementos",
              "timedOut": null,
              "duration": 321,
              "state": "failed",
              "speed": null,
              "pass": false,
              "fail": true,
              "pending": false,
              "context": null,
              "code": "cy.get('.pixel').should('have.length', 25).each(function (pixel) {\n  expect(pixel).to.have.css('background-color', WHITE);\n}).and(function (pixels) {\n  var rows = chunk(pixels, 5);\n  rows.forEach(function (row) {\n    for (var index = 1; index < row.length; index += 1) {\n      var current = pixels[index];\n      var previous = pixels[index - 1];\n      cy.wrap(current).should('be.onTheRightOf', previous).and('be.horizontallyAlignedWith', previous);\n    }\n  });\n  for (var index = 1; index < 5; index += 1) {\n    expect(pixels[index * 5]).to.be.belowOf(pixels[(index - 1) * 5]);\n  }\n});",
              "err": {
                "message": "AssertionError: expected '<div.pixel>' to have CSS property 'background-color' with the value 'rgb(255, 255, 255)', but the value was 'rgba(0, 0, 0, 0)'",
                "estack": "AssertionError: expected '<div.pixel>' to have CSS property 'background-color' with the value 'rgb(255, 255, 255)', but the value was 'rgba(0, 0, 0, 0)'\n    at callback (http://localhost:35001/__cypress/runner/cypress_runner.js:136947:20)\n    at getRet (http://localhost:35001/__cypress/runner/cypress_runner.js:136585:16)\n    at tryCatcher (http://localhost:35001/__cypress/runner/cypress_runner.js:167415:23)\n    at Function.Promise.attempt.Promise.try (http://localhost:35001/__cypress/runner/cypress_runner.js:164690:29)\n    at thenFn (http://localhost:35001/__cypress/runner/cypress_runner.js:136599:23)\n    at yieldItem (http://localhost:35001/__cypress/runner/cypress_runner.js:136954:16)\n    at tryCatcher (http://localhost:35001/__cypress/runner/cypress_runner.js:167415:23)\n    at Object.gotValue (http://localhost:35001/__cypress/runner/cypress_runner.js:166557:18)\n    at Object.gotAccum (http://localhost:35001/__cypress/runner/cypress_runner.js:166546:25)\n    at Object.tryCatcher (http://localhost:35001/__cypress/runner/cypress_runner.js:167415:23)\n    at Promise._settlePromiseFromHandler (http://localhost:35001/__cypress/runner/cypress_runner.js:165351:31)\n    at Promise._settlePromise (http://localhost:35001/__cypress/runner/cypress_runner.js:165408:18)\n    at Promise._settlePromiseCtx (http://localhost:35001/__cypress/runner/cypress_runner.js:165445:10)\n    at Async../node_modules/bluebird/js/release/async.js.Async._drainQueue (http://localhost:35001/__cypress/runner/cypress_runner.js:162145:12)\n    at Async../node_modules/bluebird/js/release/async.js.Async._drainQueues (http://localhost:35001/__cypress/runner/cypress_runner.js:162150:10)\n    at Async.drainQueues (http://localhost:35001/__cypress/runner/cypress_runner.js:162024:14)",
                "diff": "- 'rgba(0, 0, 0, 0)'\n+ 'rgb(255, 255, 255)'\n"
              },
              "uuid": "f30757a5-e645-48c9-b8e1-6def07ebdddf",
              "parentUUID": "4ea79405-8f9c-4d9e-b1a7-af9b44da3378",
              "isHook": false,
              "skipped": false
            },
            {
              "title": "Verifica se 40 pixels é o tamanho total do elemento, incluindo seu conteúdo e excluindo a borda preta, que deve ser criada à parte.",
              "fullTitle": "5 - Faça com que cada elemento do quadro de pixels possua 40 pixels de largura, 40 pixels de altura e seja delimitado por uma borda preta de 1 pixel. Verifica se 40 pixels é o tamanho total do elemento, incluindo seu conteúdo e excluindo a borda preta, que deve ser criada à parte.",
              "timedOut": null,
              "duration": 243,
              "state": "passed",
              "speed": "slow",
              "pass": true,
              "fail": false,
              "pending": false,
              "context": null,
              "code": "cy.get('.pixel').each(function (pixel) {\n  cy.wrap(pixel).should('have.css', 'height', '40px').and('have.css', 'width', '40px').and('have.css', 'border', \"1px solid \".concat(BLACK));\n});",
              "err": {},
              "uuid": "c57fd01d-7707-45b0-be0f-2fd09cf69a00",
              "parentUUID": "4ea79405-8f9c-4d9e-b1a7-af9b44da3378",
              "isHook": false,
              "skipped": false
            }
          ],
          "suites": [],
          "passes": [
            "c57fd01d-7707-45b0-be0f-2fd09cf69a00"
          ],
          "failures": [
            "f30757a5-e645-48c9-b8e1-6def07ebdddf"
          ],
          "pending": [],
          "skipped": [],
          "duration": 564,
          "root": false,
          "rootEmpty": false,
          "_timeout": 2000
        },
        {
          "uuid": "d9f576f7-faf1-4e8a-af5a-41f7785e507c",
          "title": "6 - Defina a cor preta como cor inicial. Ao carregar a página a cor preta já deve estar selecionada para pintar os pixels",
          "fullFile": "",
          "file": "",
          "beforeHooks": [],
          "afterHooks": [],
          "tests": [
            {
              "title": "Verifica se o elemento da cor preta possui, inicialmente, a `classe` `selected`",
              "fullTitle": "6 - Defina a cor preta como cor inicial. Ao carregar a página a cor preta já deve estar selecionada para pintar os pixels Verifica se o elemento da cor preta possui, inicialmente, a `classe` `selected`",
              "timedOut": null,
              "duration": 98,
              "state": "passed",
              "speed": "slow",
              "pass": true,
              "fail": false,
              "pending": false,
              "context": null,
              "code": "cy.get('.selected').first().should('have.css', 'background-color', BLACK);",
              "err": {},
              "uuid": "54270c42-7a2f-403e-b5b4-d798cccd1e2a",
              "parentUUID": "d9f576f7-faf1-4e8a-af5a-41f7785e507c",
              "isHook": false,
              "skipped": false
            },
            {
              "title": "Verifica se nenhuma outra cor da paleta tem a `classe` `selected`",
              "fullTitle": "6 - Defina a cor preta como cor inicial. Ao carregar a página a cor preta já deve estar selecionada para pintar os pixels Verifica se nenhuma outra cor da paleta tem a `classe` `selected`",
              "timedOut": null,
              "duration": 79,
              "state": "passed",
              "speed": "slow",
              "pass": true,
              "fail": false,
              "pending": false,
              "context": null,
              "code": "cy.get('.color:not(:first-child)').each(function (color) {\n  cy.wrap(color).should('not.have.class', 'selected');\n});",
              "err": {},
              "uuid": "072f5498-5def-4004-941a-20cdc737b8b6",
              "parentUUID": "d9f576f7-faf1-4e8a-af5a-41f7785e507c",
              "isHook": false,
              "skipped": false
            }
          ],
          "suites": [],
          "passes": [
            "54270c42-7a2f-403e-b5b4-d798cccd1e2a",
            "072f5498-5def-4004-941a-20cdc737b8b6"
          ],
          "failures": [],
          "pending": [],
          "skipped": [],
          "duration": 177,
          "root": false,
          "rootEmpty": false,
          "_timeout": 2000
        },
        {
          "uuid": "2650c66e-bf99-4f36-9fc4-2de2fe106e00",
          "title": "7 - Clicar em uma das cores da paleta, faz com que ela seja selecionada e utilizada para preencher os pixels no quadro.",
          "fullFile": "",
          "file": "",
          "beforeHooks": [],
          "afterHooks": [],
          "tests": [
            {
              "title": "Verifica se somente uma cor da paleta de cores tem a classe `selected` de cada vez",
              "fullTitle": "7 - Clicar em uma das cores da paleta, faz com que ela seja selecionada e utilizada para preencher os pixels no quadro. Verifica se somente uma cor da paleta de cores tem a classe `selected` de cada vez",
              "timedOut": null,
              "duration": 485,
              "state": "passed",
              "speed": "slow",
              "pass": true,
              "fail": false,
              "pending": false,
              "context": null,
              "code": "cy.get('.color').each(function (selectedColor, selectedColorIndex) {\n  cy.wrap(selectedColor).click();\n  cy.get('.color').each(function (color, colorIndex) {\n    if (colorIndex === selectedColorIndex) {\n      expect(color).to.have[\"class\"]('selected');\n    } else {\n      expect(color).not.to.have[\"class\"]('selected');\n    }\n  });\n});",
              "err": {},
              "uuid": "0cfa5b63-3ff2-4c4b-b160-e4f6b3db9d06",
              "parentUUID": "2650c66e-bf99-4f36-9fc4-2de2fe106e00",
              "isHook": false,
              "skipped": false
            },
            {
              "title": "Verifica se os pixels dentro do quadro não têm a classe `selected` quando são clicados",
              "fullTitle": "7 - Clicar em uma das cores da paleta, faz com que ela seja selecionada e utilizada para preencher os pixels no quadro. Verifica se os pixels dentro do quadro não têm a classe `selected` quando são clicados",
              "timedOut": null,
              "duration": 8882,
              "state": "passed",
              "speed": "slow",
              "pass": true,
              "fail": false,
              "pending": false,
              "context": null,
              "code": "cy.get('.color').each(function (color) {\n  var backgroundColor = color.css('background-color');\n  cy.wrap(color).click();\n  cy.get('.pixel').each(function (pixel) {\n    cy.wrap(pixel).click().should('not.have.class', 'selected');\n  });\n});",
              "err": {},
              "uuid": "276f7d89-cf10-427d-8a8d-6b550ef410bb",
              "parentUUID": "2650c66e-bf99-4f36-9fc4-2de2fe106e00",
              "isHook": false,
              "skipped": false
            }
          ],
          "suites": [],
          "passes": [
            "0cfa5b63-3ff2-4c4b-b160-e4f6b3db9d06",
            "276f7d89-cf10-427d-8a8d-6b550ef410bb"
          ],
          "failures": [],
          "pending": [],
          "skipped": [],
          "duration": 9367,
          "root": false,
          "rootEmpty": false,
          "_timeout": 2000
        },
        {
          "uuid": "709eb4b5-4044-445c-8da6-c8ea2f96c800",
          "title": "8 - Clicar em um pixel dentro do quadro após selecionar uma cor na paleta, faz com que o pixel seja preenchido com a cor selecionada.",
          "fullFile": "",
          "file": "",
          "beforeHooks": [],
          "afterHooks": [],
          "tests": [
            {
              "title": "Verifica se ao carregar a página deve ser possível pintar os pixels de preto",
              "fullTitle": "8 - Clicar em um pixel dentro do quadro após selecionar uma cor na paleta, faz com que o pixel seja preenchido com a cor selecionada. Verifica se ao carregar a página deve ser possível pintar os pixels de preto",
              "timedOut": null,
              "duration": 2177,
              "state": "passed",
              "speed": "slow",
              "pass": true,
              "fail": false,
              "pending": false,
              "context": null,
              "code": "cy.get('.pixel').each(function (pixel) {\n  cy.wrap(pixel).click().should('have.css', 'background-color', BLACK);\n});",
              "err": {},
              "uuid": "4fe749ca-3a7b-4fc5-9764-dbee5f09d4bb",
              "parentUUID": "709eb4b5-4044-445c-8da6-c8ea2f96c800",
              "isHook": false,
              "skipped": false
            },
            {
              "title": "Verifica se após selecionar uma outra cor na paleta, é possível pintar os pixels com essa cor",
              "fullTitle": "8 - Clicar em um pixel dentro do quadro após selecionar uma cor na paleta, faz com que o pixel seja preenchido com a cor selecionada. Verifica se após selecionar uma outra cor na paleta, é possível pintar os pixels com essa cor",
              "timedOut": null,
              "duration": 8811,
              "state": "passed",
              "speed": "slow",
              "pass": true,
              "fail": false,
              "pending": false,
              "context": null,
              "code": "cy.get('.color').each(function (color) {\n  var backgroundColor = color.css('background-color');\n  cy.wrap(color).click();\n  cy.get('.pixel').each(function (pixel) {\n    cy.wrap(pixel).click().should('have.css', 'background-color', backgroundColor);\n  });\n});",
              "err": {},
              "uuid": "2b9886f5-bf8d-4f30-8594-1bc098a1f176",
              "parentUUID": "709eb4b5-4044-445c-8da6-c8ea2f96c800",
              "isHook": false,
              "skipped": false
            },
            {
              "title": "Verifica se somente o pixel que foi clicado foi preenchido com a cor selecionada, sem influenciar na cor dos demais pixels.",
              "fullTitle": "8 - Clicar em um pixel dentro do quadro após selecionar uma cor na paleta, faz com que o pixel seja preenchido com a cor selecionada. Verifica se somente o pixel que foi clicado foi preenchido com a cor selecionada, sem influenciar na cor dos demais pixels.",
              "timedOut": null,
              "duration": 1259,
              "state": "passed",
              "speed": "slow",
              "pass": true,
              "fail": false,
              "pending": false,
              "context": null,
              "code": "var colorToPixelIndexMap = {\n  0: 6,\n  1: 8,\n  2: 16,\n  3: 18\n};\ncy.get('.color').each(function (color, index) {\n  cy.wrap(color).click();\n  var backgroundColor = color.css('background-color');\n  var clickedPixelIndex = colorToPixelIndexMap[index];\n  cy.get('.pixel').eq(clickedPixelIndex).click();\n  cy.get('.pixel').eq(clickedPixelIndex - 1).should('not.have.css', 'background-color', backgroundColor);\n  cy.get('.pixel').eq(clickedPixelIndex + 1).should('not.have.css', 'background-color', backgroundColor);\n  cy.get('.pixel').eq(clickedPixelIndex - 5).should('not.have.css', 'background-color', backgroundColor);\n  cy.get('.pixel').eq(clickedPixelIndex + 5).should('not.have.css', 'background-color', backgroundColor);\n  cy.get('.pixel').eq(clickedPixelIndex - 6).should('not.have.css', 'background-color', backgroundColor);\n  cy.get('.pixel').eq(clickedPixelIndex - 4).should('not.have.css', 'background-color', backgroundColor);\n  cy.get('.pixel').eq(clickedPixelIndex + 4).should('not.have.css', 'background-color', backgroundColor);\n  cy.get('.pixel').eq(clickedPixelIndex + 6).should('not.have.css', 'background-color', backgroundColor);\n});",
              "err": {},
              "uuid": "e2011b63-9aff-4287-91a5-625d47816539",
              "parentUUID": "709eb4b5-4044-445c-8da6-c8ea2f96c800",
              "isHook": false,
              "skipped": false
            }
          ],
          "suites": [],
          "passes": [
            "4fe749ca-3a7b-4fc5-9764-dbee5f09d4bb",
            "2b9886f5-bf8d-4f30-8594-1bc098a1f176",
            "e2011b63-9aff-4287-91a5-625d47816539"
          ],
          "failures": [],
          "pending": [],
          "skipped": [],
          "duration": 12247,
          "root": false,
          "rootEmpty": false,
          "_timeout": 2000
        },
        {
          "uuid": "9bd7dfcb-243b-4fcd-80fe-503a2d8bcab0",
          "title": "9 - Crie um botão que, ao ser clicado, limpa o quadro preenchendo a cor de todos seus pixels com branco.",
          "fullFile": "",
          "file": "",
          "beforeHooks": [],
          "afterHooks": [],
          "tests": [
            {
              "title": "Verifica se o botão tem o `id` denominado `clear-board`",
              "fullTitle": "9 - Crie um botão que, ao ser clicado, limpa o quadro preenchendo a cor de todos seus pixels com branco. Verifica se o botão tem o `id` denominado `clear-board`",
              "timedOut": null,
              "duration": 135,
              "state": "passed",
              "speed": "slow",
              "pass": true,
              "fail": false,
              "pending": false,
              "context": null,
              "code": "cy.get('#clear-board').should('be.visible');",
              "err": {},
              "uuid": "58259d8d-4223-41ba-b04c-cdf922d7e533",
              "parentUUID": "9bd7dfcb-243b-4fcd-80fe-503a2d8bcab0",
              "isHook": false,
              "skipped": false
            },
            {
              "title": "Verifica se o botão está posicionado entre a paleta de cores e o quadro de pixels",
              "fullTitle": "9 - Crie um botão que, ao ser clicado, limpa o quadro preenchendo a cor de todos seus pixels com branco. Verifica se o botão está posicionado entre a paleta de cores e o quadro de pixels",
              "timedOut": null,
              "duration": 99,
              "state": "passed",
              "speed": "slow",
              "pass": true,
              "fail": false,
              "pending": false,
              "context": null,
              "code": "cy.get('#color-palette').then(function (palette) {\n  cy.get('#clear-board').should('be.belowOf', palette);\n});\ncy.get('#clear-board').then(function (clearBtn) {\n  cy.get('#pixel-board').should('be.belowOf', clearBtn);\n});",
              "err": {},
              "uuid": "f6c01be9-4851-48b9-8401-bfd2d3d888b0",
              "parentUUID": "9bd7dfcb-243b-4fcd-80fe-503a2d8bcab0",
              "isHook": false,
              "skipped": false
            },
            {
              "title": "Verifica se o texto do botão é 'Limpar'",
              "fullTitle": "9 - Crie um botão que, ao ser clicado, limpa o quadro preenchendo a cor de todos seus pixels com branco. Verifica se o texto do botão é 'Limpar'",
              "timedOut": null,
              "duration": 71,
              "state": "passed",
              "speed": "medium",
              "pass": true,
              "fail": false,
              "pending": false,
              "context": null,
              "code": "cy.get('#clear-board').should('contain.text', 'Limpar');",
              "err": {},
              "uuid": "a4ea2ee8-f5cf-46bb-9929-b957cf317f8c",
              "parentUUID": "9bd7dfcb-243b-4fcd-80fe-503a2d8bcab0",
              "isHook": false,
              "skipped": false
            },
            {
              "title": "Verifica se ao clicar no botão, o quadro de pixels é totalmente preenchido de branco",
              "fullTitle": "9 - Crie um botão que, ao ser clicado, limpa o quadro preenchendo a cor de todos seus pixels com branco. Verifica se ao clicar no botão, o quadro de pixels é totalmente preenchido de branco",
              "timedOut": null,
              "duration": 2404,
              "state": "passed",
              "speed": "slow",
              "pass": true,
              "fail": false,
              "pending": false,
              "context": null,
              "code": "cy.get('.color').eq(1).then(function (color) {\n  var backgroundColor = color.css('background-color');\n  cy.wrap(color).click();\n  cy.get('.pixel').each(function (pixel) {\n    cy.wrap(pixel).click().should('have.css', 'background-color', backgroundColor);\n  });\n});\ncy.get('#clear-board').click();\ncy.get('.pixel').each(function (pixel) {\n  cy.wrap(pixel).should('have.css', 'background-color', WHITE);\n});",
              "err": {},
              "uuid": "4fbc6a60-1072-44e8-905b-ca2cf3240ea5",
              "parentUUID": "9bd7dfcb-243b-4fcd-80fe-503a2d8bcab0",
              "isHook": false,
              "skipped": false
            }
          ],
          "suites": [],
          "passes": [
            "58259d8d-4223-41ba-b04c-cdf922d7e533",
            "f6c01be9-4851-48b9-8401-bfd2d3d888b0",
            "a4ea2ee8-f5cf-46bb-9929-b957cf317f8c",
            "4fbc6a60-1072-44e8-905b-ca2cf3240ea5"
          ],
          "failures": [],
          "pending": [],
          "skipped": [],
          "duration": 2709,
          "root": false,
          "rootEmpty": false,
          "_timeout": 2000
        },
        {
          "uuid": "beecf53b-3571-4243-a4ee-a601cf660873",
          "title": "10 - Faça o quadro de pixels ter seu tamanho definido pelo usuário.",
          "fullFile": "",
          "file": "",
          "beforeHooks": [],
          "afterHooks": [],
          "tests": [
            {
              "title": "Verifica se existe um input com o id `board-size`",
              "fullTitle": "10 - Faça o quadro de pixels ter seu tamanho definido pelo usuário. Verifica se existe um input com o id `board-size`",
              "timedOut": null,
              "duration": 4290,
              "state": "failed",
              "speed": null,
              "pass": false,
              "fail": true,
              "pending": false,
              "context": null,
              "code": "cy.get('#board-size').should('be.visible');",
              "err": {
                "message": "CypressError: Timed out retrying: Expected to find element: '#board-size', but never found it.",
                "estack": "CypressError: Timed out retrying: Expected to find element: '#board-size', but never found it.\n    at cypressErr (http://localhost:35001/__cypress/runner/cypress_runner.js:149934:9)\n    at throwErr (http://localhost:35001/__cypress/runner/cypress_runner.js:149867:11)\n    at Object.throwErrByPath (http://localhost:35001/__cypress/runner/cypress_runner.js:149915:3)\n    at retry (http://localhost:35001/__cypress/runner/cypress_runner.js:144197:19)\n    at onFailFn (http://localhost:35001/__cypress/runner/cypress_runner.js:132448:16)\n    at tryCatcher (http://localhost:35001/__cypress/runner/cypress_runner.js:167415:23)\n    at Promise._settlePromiseFromHandler (http://localhost:35001/__cypress/runner/cypress_runner.js:165351:31)\n    at Promise._settlePromise (http://localhost:35001/__cypress/runner/cypress_runner.js:165408:18)\n    at Promise._settlePromise0 (http://localhost:35001/__cypress/runner/cypress_runner.js:165453:10)\n    at Promise._settlePromises (http://localhost:35001/__cypress/runner/cypress_runner.js:165528:18)\n    at Async../node_modules/bluebird/js/release/async.js.Async._drainQueue (http://localhost:35001/__cypress/runner/cypress_runner.js:162140:16)\n    at Async../node_modules/bluebird/js/release/async.js.Async._drainQueues (http://localhost:35001/__cypress/runner/cypress_runner.js:162150:10)\n    at Async.drainQueues (http://localhost:35001/__cypress/runner/cypress_runner.js:162024:14)",
                "diff": null
              },
              "uuid": "51f071c7-e2dd-4046-b5a8-36627e43b7b0",
              "parentUUID": "beecf53b-3571-4243-a4ee-a601cf660873",
              "isHook": false,
              "skipped": false
            },
            {
              "title": "Verifica se existe um botão com o id `generate-board`",
              "fullTitle": "10 - Faça o quadro de pixels ter seu tamanho definido pelo usuário. Verifica se existe um botão com o id `generate-board`",
              "timedOut": null,
              "duration": 4287,
              "state": "failed",
              "speed": null,
              "pass": false,
              "fail": true,
              "pending": false,
              "context": null,
              "code": "cy.get('#generate-board').should('be.visible');",
              "err": {
                "message": "CypressError: Timed out retrying: Expected to find element: '#generate-board', but never found it.",
                "estack": "CypressError: Timed out retrying: Expected to find element: '#generate-board', but never found it.\n    at cypressErr (http://localhost:35001/__cypress/runner/cypress_runner.js:149934:9)\n    at throwErr (http://localhost:35001/__cypress/runner/cypress_runner.js:149867:11)\n    at Object.throwErrByPath (http://localhost:35001/__cypress/runner/cypress_runner.js:149915:3)\n    at retry (http://localhost:35001/__cypress/runner/cypress_runner.js:144197:19)\n    at onFailFn (http://localhost:35001/__cypress/runner/cypress_runner.js:132448:16)\n    at tryCatcher (http://localhost:35001/__cypress/runner/cypress_runner.js:167415:23)\n    at Promise._settlePromiseFromHandler (http://localhost:35001/__cypress/runner/cypress_runner.js:165351:31)\n    at Promise._settlePromise (http://localhost:35001/__cypress/runner/cypress_runner.js:165408:18)\n    at Promise._settlePromise0 (http://localhost:35001/__cypress/runner/cypress_runner.js:165453:10)\n    at Promise._settlePromises (http://localhost:35001/__cypress/runner/cypress_runner.js:165528:18)\n    at Async../node_modules/bluebird/js/release/async.js.Async._drainQueue (http://localhost:35001/__cypress/runner/cypress_runner.js:162140:16)\n    at Async../node_modules/bluebird/js/release/async.js.Async._drainQueues (http://localhost:35001/__cypress/runner/cypress_runner.js:162150:10)\n    at Async.drainQueues (http://localhost:35001/__cypress/runner/cypress_runner.js:162024:14)",
                "diff": null
              },
              "uuid": "fc05a640-7547-42e6-90cf-48bef3d4c7b2",
              "parentUUID": "beecf53b-3571-4243-a4ee-a601cf660873",
              "isHook": false,
              "skipped": false
            },
            {
              "title": "Verifica se o input só aceita número maiores que zero. Essa restrição deve ser feita usando os atributos do elemento `input`",
              "fullTitle": "10 - Faça o quadro de pixels ter seu tamanho definido pelo usuário. Verifica se o input só aceita número maiores que zero. Essa restrição deve ser feita usando os atributos do elemento `input`",
              "timedOut": null,
              "duration": 4253,
              "state": "failed",
              "speed": null,
              "pass": false,
              "fail": true,
              "pending": false,
              "context": null,
              "code": "cy.get('#board-size[type=\\'number\\'][min=\\'1\\']');",
              "err": {
                "message": "CypressError: Timed out retrying: Expected to find element: '#board-size[type='number'][min='1']', but never found it.",
                "estack": "CypressError: Timed out retrying: Expected to find element: '#board-size[type='number'][min='1']', but never found it.\n    at cypressErr (http://localhost:35001/__cypress/runner/cypress_runner.js:149934:9)\n    at throwErr (http://localhost:35001/__cypress/runner/cypress_runner.js:149867:11)\n    at Object.throwErrByPath (http://localhost:35001/__cypress/runner/cypress_runner.js:149915:3)\n    at retry (http://localhost:35001/__cypress/runner/cypress_runner.js:144197:19)\n    at onFailFn (http://localhost:35001/__cypress/runner/cypress_runner.js:132448:16)\n    at tryCatcher (http://localhost:35001/__cypress/runner/cypress_runner.js:167415:23)\n    at Promise._settlePromiseFromHandler (http://localhost:35001/__cypress/runner/cypress_runner.js:165351:31)\n    at Promise._settlePromise (http://localhost:35001/__cypress/runner/cypress_runner.js:165408:18)\n    at Promise._settlePromise0 (http://localhost:35001/__cypress/runner/cypress_runner.js:165453:10)\n    at Promise._settlePromises (http://localhost:35001/__cypress/runner/cypress_runner.js:165528:18)\n    at Async../node_modules/bluebird/js/release/async.js.Async._drainQueue (http://localhost:35001/__cypress/runner/cypress_runner.js:162140:16)\n    at Async../node_modules/bluebird/js/release/async.js.Async._drainQueues (http://localhost:35001/__cypress/runner/cypress_runner.js:162150:10)\n    at Async.drainQueues (http://localhost:35001/__cypress/runner/cypress_runner.js:162024:14)",
                "diff": null
              },
              "uuid": "1a68bceb-3afa-4239-9b9b-d00a178a817a",
              "parentUUID": "beecf53b-3571-4243-a4ee-a601cf660873",
              "isHook": false,
              "skipped": false
            },
            {
              "title": "Verifica se o botão contém o texto 'VQV'",
              "fullTitle": "10 - Faça o quadro de pixels ter seu tamanho definido pelo usuário. Verifica se o botão contém o texto 'VQV'",
              "timedOut": null,
              "duration": 4239,
              "state": "failed",
              "speed": null,
              "pass": false,
              "fail": true,
              "pending": false,
              "context": null,
              "code": "cy.get('#generate-board').contains(/vqv/i);",
              "err": {
                "message": "CypressError: Timed out retrying: Expected to find element: '#generate-board', but never found it.",
                "estack": "CypressError: Timed out retrying: Expected to find element: '#generate-board', but never found it.\n    at cypressErr (http://localhost:35001/__cypress/runner/cypress_runner.js:149934:9)\n    at throwErr (http://localhost:35001/__cypress/runner/cypress_runner.js:149867:11)\n    at Object.throwErrByPath (http://localhost:35001/__cypress/runner/cypress_runner.js:149915:3)\n    at retry (http://localhost:35001/__cypress/runner/cypress_runner.js:144197:19)\n    at onFailFn (http://localhost:35001/__cypress/runner/cypress_runner.js:132448:16)\n    at tryCatcher (http://localhost:35001/__cypress/runner/cypress_runner.js:167415:23)\n    at Promise._settlePromiseFromHandler (http://localhost:35001/__cypress/runner/cypress_runner.js:165351:31)\n    at Promise._settlePromise (http://localhost:35001/__cypress/runner/cypress_runner.js:165408:18)\n    at Promise._settlePromise0 (http://localhost:35001/__cypress/runner/cypress_runner.js:165453:10)\n    at Promise._settlePromises (http://localhost:35001/__cypress/runner/cypress_runner.js:165528:18)\n    at Async../node_modules/bluebird/js/release/async.js.Async._drainQueue (http://localhost:35001/__cypress/runner/cypress_runner.js:162140:16)\n    at Async../node_modules/bluebird/js/release/async.js.Async._drainQueues (http://localhost:35001/__cypress/runner/cypress_runner.js:162150:10)\n    at Async.drainQueues (http://localhost:35001/__cypress/runner/cypress_runner.js:162024:14)",
                "diff": null
              },
              "uuid": "e84240f1-c915-4c5f-80ad-86bcf2c3988b",
              "parentUUID": "beecf53b-3571-4243-a4ee-a601cf660873",
              "isHook": false,
              "skipped": false
            },
            {
              "title": "Verifica se o input está posicionado entre a paleta de cores e o quadro de pixels",
              "fullTitle": "10 - Faça o quadro de pixels ter seu tamanho definido pelo usuário. Verifica se o input está posicionado entre a paleta de cores e o quadro de pixels",
              "timedOut": null,
              "duration": 4329,
              "state": "failed",
              "speed": null,
              "pass": false,
              "fail": true,
              "pending": false,
              "context": null,
              "code": "cy.get('#color-palette').then(function (palette) {\n  cy.get('#board-size').should('be.belowOf', palette);\n});\ncy.get('#board-size').then(function (palette) {\n  cy.get('#pixel-board').should('be.belowOf', palette);\n});",
              "err": {
                "message": "CypressError: Timed out retrying: Expected to find element: '#board-size', but never found it.",
                "estack": "CypressError: Timed out retrying: Expected to find element: '#board-size', but never found it.\n    at cypressErr (http://localhost:35001/__cypress/runner/cypress_runner.js:149934:9)\n    at throwErr (http://localhost:35001/__cypress/runner/cypress_runner.js:149867:11)\n    at Object.throwErrByPath (http://localhost:35001/__cypress/runner/cypress_runner.js:149915:3)\n    at retry (http://localhost:35001/__cypress/runner/cypress_runner.js:144197:19)\n    at onFailFn (http://localhost:35001/__cypress/runner/cypress_runner.js:132448:16)\n    at tryCatcher (http://localhost:35001/__cypress/runner/cypress_runner.js:167415:23)\n    at Promise._settlePromiseFromHandler (http://localhost:35001/__cypress/runner/cypress_runner.js:165351:31)\n    at Promise._settlePromise (http://localhost:35001/__cypress/runner/cypress_runner.js:165408:18)\n    at Promise._settlePromise0 (http://localhost:35001/__cypress/runner/cypress_runner.js:165453:10)\n    at Promise._settlePromises (http://localhost:35001/__cypress/runner/cypress_runner.js:165528:18)\n    at Async../node_modules/bluebird/js/release/async.js.Async._drainQueue (http://localhost:35001/__cypress/runner/cypress_runner.js:162140:16)\n    at Async../node_modules/bluebird/js/release/async.js.Async._drainQueues (http://localhost:35001/__cypress/runner/cypress_runner.js:162150:10)\n    at Async.drainQueues (http://localhost:35001/__cypress/runner/cypress_runner.js:162024:14)",
                "diff": null
              },
              "uuid": "e486ddf5-78c6-4e83-86cf-2ff7d9d3e5f5",
              "parentUUID": "beecf53b-3571-4243-a4ee-a601cf660873",
              "isHook": false,
              "skipped": false
            },
            {
              "title": "Verifica se o botão está posicionado ao lado do input",
              "fullTitle": "10 - Faça o quadro de pixels ter seu tamanho definido pelo usuário. Verifica se o botão está posicionado ao lado do input",
              "timedOut": null,
              "duration": 4372,
              "state": "failed",
              "speed": null,
              "pass": false,
              "fail": true,
              "pending": false,
              "context": null,
              "code": "cy.get('#board-size').then(function (board) {\n  cy.get('#generate-board').should('be.onTheRightOf', board);\n});",
              "err": {
                "message": "CypressError: Timed out retrying: Expected to find element: '#board-size', but never found it.",
                "estack": "CypressError: Timed out retrying: Expected to find element: '#board-size', but never found it.\n    at cypressErr (http://localhost:35001/__cypress/runner/cypress_runner.js:149934:9)\n    at throwErr (http://localhost:35001/__cypress/runner/cypress_runner.js:149867:11)\n    at Object.throwErrByPath (http://localhost:35001/__cypress/runner/cypress_runner.js:149915:3)\n    at retry (http://localhost:35001/__cypress/runner/cypress_runner.js:144197:19)\n    at onFailFn (http://localhost:35001/__cypress/runner/cypress_runner.js:132448:16)\n    at tryCatcher (http://localhost:35001/__cypress/runner/cypress_runner.js:167415:23)\n    at Promise._settlePromiseFromHandler (http://localhost:35001/__cypress/runner/cypress_runner.js:165351:31)\n    at Promise._settlePromise (http://localhost:35001/__cypress/runner/cypress_runner.js:165408:18)\n    at Promise._settlePromise0 (http://localhost:35001/__cypress/runner/cypress_runner.js:165453:10)\n    at Promise._settlePromises (http://localhost:35001/__cypress/runner/cypress_runner.js:165528:18)\n    at Async../node_modules/bluebird/js/release/async.js.Async._drainQueue (http://localhost:35001/__cypress/runner/cypress_runner.js:162140:16)\n    at Async../node_modules/bluebird/js/release/async.js.Async._drainQueues (http://localhost:35001/__cypress/runner/cypress_runner.js:162150:10)\n    at Async.drainQueues (http://localhost:35001/__cypress/runner/cypress_runner.js:162024:14)",
                "diff": null
              },
              "uuid": "a9c1fb82-ee38-4e41-809c-96377a8d672e",
              "parentUUID": "beecf53b-3571-4243-a4ee-a601cf660873",
              "isHook": false,
              "skipped": false
            },
            {
              "title": "Verifica se nenhum valor for colocado no input ao clicar no botão, um `alert` é exibido com o texto: 'Board inválido!'",
              "fullTitle": "10 - Faça o quadro de pixels ter seu tamanho definido pelo usuário. Verifica se nenhum valor for colocado no input ao clicar no botão, um `alert` é exibido com o texto: 'Board inválido!'",
              "timedOut": null,
              "duration": 4303,
              "state": "failed",
              "speed": null,
              "pass": false,
              "fail": true,
              "pending": false,
              "context": null,
              "code": "var alerted = false;\ncy.on('window:alert', function (msg) {\n  return alerted = msg;\n});\ncy.get('#generate-board').click().then(function () {\n  return expect(alerted).to.match(/Board inválido!/i);\n});",
              "err": {
                "message": "CypressError: Timed out retrying: Expected to find element: '#generate-board', but never found it.",
                "estack": "CypressError: Timed out retrying: Expected to find element: '#generate-board', but never found it.\n    at cypressErr (http://localhost:35001/__cypress/runner/cypress_runner.js:149934:9)\n    at throwErr (http://localhost:35001/__cypress/runner/cypress_runner.js:149867:11)\n    at Object.throwErrByPath (http://localhost:35001/__cypress/runner/cypress_runner.js:149915:3)\n    at retry (http://localhost:35001/__cypress/runner/cypress_runner.js:144197:19)\n    at onFailFn (http://localhost:35001/__cypress/runner/cypress_runner.js:132448:16)\n    at tryCatcher (http://localhost:35001/__cypress/runner/cypress_runner.js:167415:23)\n    at Promise._settlePromiseFromHandler (http://localhost:35001/__cypress/runner/cypress_runner.js:165351:31)\n    at Promise._settlePromise (http://localhost:35001/__cypress/runner/cypress_runner.js:165408:18)\n    at Promise._settlePromise0 (http://localhost:35001/__cypress/runner/cypress_runner.js:165453:10)\n    at Promise._settlePromises (http://localhost:35001/__cypress/runner/cypress_runner.js:165528:18)\n    at Async../node_modules/bluebird/js/release/async.js.Async._drainQueue (http://localhost:35001/__cypress/runner/cypress_runner.js:162140:16)\n    at Async../node_modules/bluebird/js/release/async.js.Async._drainQueues (http://localhost:35001/__cypress/runner/cypress_runner.js:162150:10)\n    at Async.drainQueues (http://localhost:35001/__cypress/runner/cypress_runner.js:162024:14)",
                "diff": null
              },
              "uuid": "4bc6fc9f-8696-431e-bad0-2fc1a32af057",
              "parentUUID": "beecf53b-3571-4243-a4ee-a601cf660873",
              "isHook": false,
              "skipped": false
            },
            {
              "title": "Verifica se ao clicar no botão com um valor preenchido, o tamanho do board muda.",
              "fullTitle": "10 - Faça o quadro de pixels ter seu tamanho definido pelo usuário. Verifica se ao clicar no botão com um valor preenchido, o tamanho do board muda.",
              "timedOut": null,
              "duration": 4264,
              "state": "failed",
              "speed": null,
              "pass": false,
              "fail": true,
              "pending": false,
              "context": null,
              "code": "cy.get('#board-size').clear().type(10);\ncy.get('#generate-board').click();\ncy.get('.pixel').should('have.length', 100);",
              "err": {
                "message": "CypressError: Timed out retrying: Expected to find element: '#board-size', but never found it.",
                "estack": "CypressError: Timed out retrying: Expected to find element: '#board-size', but never found it.\n    at cypressErr (http://localhost:35001/__cypress/runner/cypress_runner.js:149934:9)\n    at throwErr (http://localhost:35001/__cypress/runner/cypress_runner.js:149867:11)\n    at Object.throwErrByPath (http://localhost:35001/__cypress/runner/cypress_runner.js:149915:3)\n    at retry (http://localhost:35001/__cypress/runner/cypress_runner.js:144197:19)\n    at onFailFn (http://localhost:35001/__cypress/runner/cypress_runner.js:132448:16)\n    at tryCatcher (http://localhost:35001/__cypress/runner/cypress_runner.js:167415:23)\n    at Promise._settlePromiseFromHandler (http://localhost:35001/__cypress/runner/cypress_runner.js:165351:31)\n    at Promise._settlePromise (http://localhost:35001/__cypress/runner/cypress_runner.js:165408:18)\n    at Promise._settlePromise0 (http://localhost:35001/__cypress/runner/cypress_runner.js:165453:10)\n    at Promise._settlePromises (http://localhost:35001/__cypress/runner/cypress_runner.js:165528:18)\n    at Async../node_modules/bluebird/js/release/async.js.Async._drainQueue (http://localhost:35001/__cypress/runner/cypress_runner.js:162140:16)\n    at Async../node_modules/bluebird/js/release/async.js.Async._drainQueues (http://localhost:35001/__cypress/runner/cypress_runner.js:162150:10)\n    at Async.drainQueues (http://localhost:35001/__cypress/runner/cypress_runner.js:162024:14)",
                "diff": null
              },
              "uuid": "032baaea-5a29-4973-887b-1e169595096a",
              "parentUUID": "beecf53b-3571-4243-a4ee-a601cf660873",
              "isHook": false,
              "skipped": false
            },
            {
              "title": "Verifica se o novo quadro tem todos os pixels preenchidos com a cor branca",
              "fullTitle": "10 - Faça o quadro de pixels ter seu tamanho definido pelo usuário. Verifica se o novo quadro tem todos os pixels preenchidos com a cor branca",
              "timedOut": null,
              "duration": 4247,
              "state": "failed",
              "speed": null,
              "pass": false,
              "fail": true,
              "pending": false,
              "context": null,
              "code": "cy.get('#board-size').clear().type(6);\ncy.get('#generate-board').click();\ncy.get('.pixel').should('have.length', 36).each(function (pixel) {\n  expect(pixel).to.have.css('background-color', WHITE);\n});",
              "err": {
                "message": "CypressError: Timed out retrying: Expected to find element: '#board-size', but never found it.",
                "estack": "CypressError: Timed out retrying: Expected to find element: '#board-size', but never found it.\n    at cypressErr (http://localhost:35001/__cypress/runner/cypress_runner.js:149934:9)\n    at throwErr (http://localhost:35001/__cypress/runner/cypress_runner.js:149867:11)\n    at Object.throwErrByPath (http://localhost:35001/__cypress/runner/cypress_runner.js:149915:3)\n    at retry (http://localhost:35001/__cypress/runner/cypress_runner.js:144197:19)\n    at onFailFn (http://localhost:35001/__cypress/runner/cypress_runner.js:132448:16)\n    at tryCatcher (http://localhost:35001/__cypress/runner/cypress_runner.js:167415:23)\n    at Promise._settlePromiseFromHandler (http://localhost:35001/__cypress/runner/cypress_runner.js:165351:31)\n    at Promise._settlePromise (http://localhost:35001/__cypress/runner/cypress_runner.js:165408:18)\n    at Promise._settlePromise0 (http://localhost:35001/__cypress/runner/cypress_runner.js:165453:10)\n    at Promise._settlePromises (http://localhost:35001/__cypress/runner/cypress_runner.js:165528:18)\n    at Async../node_modules/bluebird/js/release/async.js.Async._drainQueue (http://localhost:35001/__cypress/runner/cypress_runner.js:162140:16)\n    at Async../node_modules/bluebird/js/release/async.js.Async._drainQueues (http://localhost:35001/__cypress/runner/cypress_runner.js:162150:10)\n    at Async.drainQueues (http://localhost:35001/__cypress/runner/cypress_runner.js:162024:14)",
                "diff": null
              },
              "uuid": "314985ff-c160-4359-8eb6-2d352c3ff07b",
              "parentUUID": "beecf53b-3571-4243-a4ee-a601cf660873",
              "isHook": false,
              "skipped": false
            }
          ],
          "suites": [],
          "passes": [],
          "failures": [
            "51f071c7-e2dd-4046-b5a8-36627e43b7b0",
            "fc05a640-7547-42e6-90cf-48bef3d4c7b2",
            "1a68bceb-3afa-4239-9b9b-d00a178a817a",
            "e84240f1-c915-4c5f-80ad-86bcf2c3988b",
            "e486ddf5-78c6-4e83-86cf-2ff7d9d3e5f5",
            "a9c1fb82-ee38-4e41-809c-96377a8d672e",
            "4bc6fc9f-8696-431e-bad0-2fc1a32af057",
            "032baaea-5a29-4973-887b-1e169595096a",
            "314985ff-c160-4359-8eb6-2d352c3ff07b"
          ],
          "pending": [],
          "skipped": [],
          "duration": 38584,
          "root": false,
          "rootEmpty": false,
          "_timeout": 2000
        },
        {
          "uuid": "29dbc404-0e64-4bec-a495-ea70e548ae6c",
          "title": "11 - Limite o tamanho mínimo e máximo do board.",
          "fullFile": "",
          "file": "",
          "beforeHooks": [],
          "afterHooks": [],
          "tests": [
            {
              "title": "Verifica se a altura máxima do board é 50",
              "fullTitle": "11 - Limite o tamanho mínimo e máximo do board. Verifica se a altura máxima do board é 50",
              "timedOut": null,
              "duration": 4347,
              "state": "failed",
              "speed": null,
              "pass": false,
              "fail": true,
              "pending": false,
              "context": null,
              "code": "cy.get('#board-size').clear().type(50);\ncy.get('#generate-board').click();\ncy.get('.pixel').should('have.length', 2500);",
              "err": {
                "message": "CypressError: Timed out retrying: Expected to find element: '#board-size', but never found it.",
                "estack": "CypressError: Timed out retrying: Expected to find element: '#board-size', but never found it.\n    at cypressErr (http://localhost:35001/__cypress/runner/cypress_runner.js:149934:9)\n    at throwErr (http://localhost:35001/__cypress/runner/cypress_runner.js:149867:11)\n    at Object.throwErrByPath (http://localhost:35001/__cypress/runner/cypress_runner.js:149915:3)\n    at retry (http://localhost:35001/__cypress/runner/cypress_runner.js:144197:19)\n    at onFailFn (http://localhost:35001/__cypress/runner/cypress_runner.js:132448:16)\n    at tryCatcher (http://localhost:35001/__cypress/runner/cypress_runner.js:167415:23)\n    at Promise._settlePromiseFromHandler (http://localhost:35001/__cypress/runner/cypress_runner.js:165351:31)\n    at Promise._settlePromise (http://localhost:35001/__cypress/runner/cypress_runner.js:165408:18)\n    at Promise._settlePromise0 (http://localhost:35001/__cypress/runner/cypress_runner.js:165453:10)\n    at Promise._settlePromises (http://localhost:35001/__cypress/runner/cypress_runner.js:165528:18)\n    at Async../node_modules/bluebird/js/release/async.js.Async._drainQueue (http://localhost:35001/__cypress/runner/cypress_runner.js:162140:16)\n    at Async../node_modules/bluebird/js/release/async.js.Async._drainQueues (http://localhost:35001/__cypress/runner/cypress_runner.js:162150:10)\n    at Async.drainQueues (http://localhost:35001/__cypress/runner/cypress_runner.js:162024:14)",
                "diff": null
              },
              "uuid": "453890e3-e97b-4fc4-aba2-98caf307a971",
              "parentUUID": "29dbc404-0e64-4bec-a495-ea70e548ae6c",
              "isHook": false,
              "skipped": false
            },
            {
              "title": "Verifica se a altura do board é 5 quando um valor menor é colocado no input",
              "fullTitle": "11 - Limite o tamanho mínimo e máximo do board. Verifica se a altura do board é 5 quando um valor menor é colocado no input",
              "timedOut": null,
              "duration": 4262,
              "state": "failed",
              "speed": null,
              "pass": false,
              "fail": true,
              "pending": false,
              "context": null,
              "code": "cy.get('#board-size').clear().type(4);\ncy.get('#generate-board').click();\ncy.get('.pixel').should('have.length', 25);",
              "err": {
                "message": "CypressError: Timed out retrying: Expected to find element: '#board-size', but never found it.",
                "estack": "CypressError: Timed out retrying: Expected to find element: '#board-size', but never found it.\n    at cypressErr (http://localhost:35001/__cypress/runner/cypress_runner.js:149934:9)\n    at throwErr (http://localhost:35001/__cypress/runner/cypress_runner.js:149867:11)\n    at Object.throwErrByPath (http://localhost:35001/__cypress/runner/cypress_runner.js:149915:3)\n    at retry (http://localhost:35001/__cypress/runner/cypress_runner.js:144197:19)\n    at onFailFn (http://localhost:35001/__cypress/runner/cypress_runner.js:132448:16)\n    at tryCatcher (http://localhost:35001/__cypress/runner/cypress_runner.js:167415:23)\n    at Promise._settlePromiseFromHandler (http://localhost:35001/__cypress/runner/cypress_runner.js:165351:31)\n    at Promise._settlePromise (http://localhost:35001/__cypress/runner/cypress_runner.js:165408:18)\n    at Promise._settlePromise0 (http://localhost:35001/__cypress/runner/cypress_runner.js:165453:10)\n    at Promise._settlePromises (http://localhost:35001/__cypress/runner/cypress_runner.js:165528:18)\n    at Async../node_modules/bluebird/js/release/async.js.Async._drainQueue (http://localhost:35001/__cypress/runner/cypress_runner.js:162140:16)\n    at Async../node_modules/bluebird/js/release/async.js.Async._drainQueues (http://localhost:35001/__cypress/runner/cypress_runner.js:162150:10)\n    at Async.drainQueues (http://localhost:35001/__cypress/runner/cypress_runner.js:162024:14)",
                "diff": null
              },
              "uuid": "4b064d6e-e5c7-44d9-adf9-66272f29cc8d",
              "parentUUID": "29dbc404-0e64-4bec-a495-ea70e548ae6c",
              "isHook": false,
              "skipped": false
            },
            {
              "title": "Verifica se a altura do board é 50 quando um valor maior é colocado no input",
              "fullTitle": "11 - Limite o tamanho mínimo e máximo do board. Verifica se a altura do board é 50 quando um valor maior é colocado no input",
              "timedOut": null,
              "duration": 4330,
              "state": "failed",
              "speed": null,
              "pass": false,
              "fail": true,
              "pending": false,
              "context": null,
              "code": "cy.get('#board-size').clear().type(51);\ncy.get('#generate-board').click();\ncy.get('.pixel').should('have.length', 2500);",
              "err": {
                "message": "CypressError: Timed out retrying: Expected to find element: '#board-size', but never found it.",
                "estack": "CypressError: Timed out retrying: Expected to find element: '#board-size', but never found it.\n    at cypressErr (http://localhost:35001/__cypress/runner/cypress_runner.js:149934:9)\n    at throwErr (http://localhost:35001/__cypress/runner/cypress_runner.js:149867:11)\n    at Object.throwErrByPath (http://localhost:35001/__cypress/runner/cypress_runner.js:149915:3)\n    at retry (http://localhost:35001/__cypress/runner/cypress_runner.js:144197:19)\n    at onFailFn (http://localhost:35001/__cypress/runner/cypress_runner.js:132448:16)\n    at tryCatcher (http://localhost:35001/__cypress/runner/cypress_runner.js:167415:23)\n    at Promise._settlePromiseFromHandler (http://localhost:35001/__cypress/runner/cypress_runner.js:165351:31)\n    at Promise._settlePromise (http://localhost:35001/__cypress/runner/cypress_runner.js:165408:18)\n    at Promise._settlePromise0 (http://localhost:35001/__cypress/runner/cypress_runner.js:165453:10)\n    at Promise._settlePromises (http://localhost:35001/__cypress/runner/cypress_runner.js:165528:18)\n    at Async../node_modules/bluebird/js/release/async.js.Async._drainQueue (http://localhost:35001/__cypress/runner/cypress_runner.js:162140:16)\n    at Async../node_modules/bluebird/js/release/async.js.Async._drainQueues (http://localhost:35001/__cypress/runner/cypress_runner.js:162150:10)\n    at Async.drainQueues (http://localhost:35001/__cypress/runner/cypress_runner.js:162024:14)",
                "diff": null
              },
              "uuid": "00311789-29fe-49ce-bea9-f7c4e29b2fb2",
              "parentUUID": "29dbc404-0e64-4bec-a495-ea70e548ae6c",
              "isHook": false,
              "skipped": false
            }
          ],
          "suites": [],
          "passes": [],
          "failures": [
            "453890e3-e97b-4fc4-aba2-98caf307a971",
            "4b064d6e-e5c7-44d9-adf9-66272f29cc8d",
            "00311789-29fe-49ce-bea9-f7c4e29b2fb2"
          ],
          "pending": [],
          "skipped": [],
          "duration": 12939,
          "root": false,
          "rootEmpty": false,
          "_timeout": 2000
        },
        {
          "uuid": "c4acdb33-f8b0-4ab9-a053-d222557c3b12",
          "title": "12 - Faça com que as cores da paleta sejam geradas aleatoriamente ao carregar a página.",
          "fullFile": "",
          "file": "",
          "beforeHooks": [],
          "afterHooks": [],
          "tests": [
            {
              "title": "Verifica se as cores geradas na paleta são diferentes a cada carregamento da página",
              "fullTitle": "12 - Faça com que as cores da paleta sejam geradas aleatoriamente ao carregar a página. Verifica se as cores geradas na paleta são diferentes a cada carregamento da página",
              "timedOut": null,
              "duration": 426,
              "state": "failed",
              "speed": null,
              "pass": false,
              "fail": true,
              "pending": false,
              "context": null,
              "code": "cy.get('.color').then(function (colors) {\n  var currentColors;\n  var previousColors;\n  previousColors = Array.from(colors).map(function (color) {\n    return Cypress.$(color).css('background-color');\n  });\n  for (var i = 0; i < 5; i += 1) {\n    cy.reload();\n    cy.get('.color').then(function (colors) {\n      currentColors = Array.from(colors).map(function (color) {\n        return Cypress.$(color).css('background-color');\n      });\n      expect(currentColors).not.to.deep.equal(previousColors);\n      previousColors = currentColors;\n    });\n  }\n});",
              "err": {
                "message": "AssertionError: expected [ Array(4) ] to not deeply equal [ Array(4) ]",
                "estack": "AssertionError: expected [ Array(4) ] to not deeply equal [ Array(4) ]\n    at getRet (http://localhost:35001/__cypress/runner/cypress_runner.js:136585:16)\n    at tryCatcher (http://localhost:35001/__cypress/runner/cypress_runner.js:167415:23)\n    at Function.Promise.attempt.Promise.try (http://localhost:35001/__cypress/runner/cypress_runner.js:164690:29)\n    at Context.thenFn (http://localhost:35001/__cypress/runner/cypress_runner.js:136599:23)\n    at Context.then (http://localhost:35001/__cypress/runner/cypress_runner.js:136971:21)\n    at Context.<anonymous> (http://localhost:35001/__cypress/runner/cypress_runner.js:148875:21)\n    at http://localhost:35001/__cypress/runner/cypress_runner.js:148351:33\n    at tryCatcher (http://localhost:35001/__cypress/runner/cypress_runner.js:167415:23)\n    at Promise._settlePromiseFromHandler (http://localhost:35001/__cypress/runner/cypress_runner.js:165351:31)\n    at Promise._settlePromise (http://localhost:35001/__cypress/runner/cypress_runner.js:165408:18)\n    at Promise._settlePromiseCtx (http://localhost:35001/__cypress/runner/cypress_runner.js:165445:10)\n    at Async../node_modules/bluebird/js/release/async.js.Async._drainQueue (http://localhost:35001/__cypress/runner/cypress_runner.js:162145:12)\n    at Async../node_modules/bluebird/js/release/async.js.Async._drainQueues (http://localhost:35001/__cypress/runner/cypress_runner.js:162150:10)\n    at Async.drainQueues (http://localhost:35001/__cypress/runner/cypress_runner.js:162024:14)",
                "diff": ""
              },
              "uuid": "766fe274-c393-4ebf-bfb2-f1d4b7e1715a",
              "parentUUID": "c4acdb33-f8b0-4ab9-a053-d222557c3b12",
              "isHook": false,
              "skipped": false
            },
            {
              "title": "Verifica se a cor preta ainda está presente e é a primeira na sua paleta de cores",
              "fullTitle": "12 - Faça com que as cores da paleta sejam geradas aleatoriamente ao carregar a página. Verifica se a cor preta ainda está presente e é a primeira na sua paleta de cores",
              "timedOut": null,
              "duration": 327,
              "state": "failed",
              "speed": null,
              "pass": false,
              "fail": true,
              "pending": false,
              "context": null,
              "code": "cy.get('.color').then(function (colors) {\n  var currentColors;\n  var previousColors;\n  previousColors = Array.from(colors).map(function (color) {\n    return Cypress.$(color).css('background-color');\n  });\n  expect(previousColors[0]).to.eq(BLACK);\n  for (var i = 0; i < 5; i += 1) {\n    cy.reload();\n    cy.get('.color').then(function (colors) {\n      currentColors = Array.from(colors).map(function (color) {\n        return Cypress.$(color).css('background-color');\n      });\n      expect(currentColors[0]).to.eq(BLACK);\n      expect(currentColors).not.to.deep.equal(previousColors);\n      previousColors = currentColors;\n    });\n  }\n});",
              "err": {
                "message": "AssertionError: expected [ Array(4) ] to not deeply equal [ Array(4) ]",
                "estack": "AssertionError: expected [ Array(4) ] to not deeply equal [ Array(4) ]\n    at getRet (http://localhost:35001/__cypress/runner/cypress_runner.js:136585:16)\n    at tryCatcher (http://localhost:35001/__cypress/runner/cypress_runner.js:167415:23)\n    at Function.Promise.attempt.Promise.try (http://localhost:35001/__cypress/runner/cypress_runner.js:164690:29)\n    at Context.thenFn (http://localhost:35001/__cypress/runner/cypress_runner.js:136599:23)\n    at Context.then (http://localhost:35001/__cypress/runner/cypress_runner.js:136971:21)\n    at Context.<anonymous> (http://localhost:35001/__cypress/runner/cypress_runner.js:148875:21)\n    at http://localhost:35001/__cypress/runner/cypress_runner.js:148351:33\n    at tryCatcher (http://localhost:35001/__cypress/runner/cypress_runner.js:167415:23)\n    at Promise._settlePromiseFromHandler (http://localhost:35001/__cypress/runner/cypress_runner.js:165351:31)\n    at Promise._settlePromise (http://localhost:35001/__cypress/runner/cypress_runner.js:165408:18)\n    at Promise._settlePromiseCtx (http://localhost:35001/__cypress/runner/cypress_runner.js:165445:10)\n    at Async../node_modules/bluebird/js/release/async.js.Async._drainQueue (http://localhost:35001/__cypress/runner/cypress_runner.js:162145:12)\n    at Async../node_modules/bluebird/js/release/async.js.Async._drainQueues (http://localhost:35001/__cypress/runner/cypress_runner.js:162150:10)\n    at Async.drainQueues (http://localhost:35001/__cypress/runner/cypress_runner.js:162024:14)",
                "diff": ""
              },
              "uuid": "3d125211-4b80-4564-8916-786237273c54",
              "parentUUID": "c4acdb33-f8b0-4ab9-a053-d222557c3b12",
              "isHook": false,
              "skipped": false
            }
          ],
          "suites": [],
          "passes": [],
          "failures": [
            "766fe274-c393-4ebf-bfb2-f1d4b7e1715a",
            "3d125211-4b80-4564-8916-786237273c54"
          ],
          "pending": [],
          "skipped": [],
          "duration": 753,
          "root": false,
          "rootEmpty": false,
          "_timeout": 2000
        }
      ],
      "passes": [],
      "failures": [],
      "pending": [],
      "skipped": [],
      "duration": 0,
      "root": true,
      "rootEmpty": true,
      "_timeout": 2000
    }
  ],
  "meta": {
    "mocha": {
      "version": "7.0.1"
    },
    "mochawesome": {
      "options": {
        "quiet": false,
        "reportFilename": "mochawesome",
        "saveHtml": false,
        "saveJson": true,
        "consoleReporter": "spec",
        "useInlineDiffs": false
      },
      "version": "4.1.0"
    },
    "marge": {
      "options": {
        "id": "default",
        "reportDir": "cypress/reports",
        "overwrite": true,
        "html": false,
        "json": true
      },
      "version": "4.1.0"
    }
  }
}